[debug] ----------------------------------------------------------------------
[debug] Command:      /usr/local/Cellar/node/7.7.4/bin/node /usr/local/bin/firebase serve
[debug] CLI Version:  3.9.0
[debug] Platform:     darwin
[debug] Node Version: v7.7.4
[debug] Time:         Sat May 20 2017 20:36:45 GMT-0400 (EDT)
[debug] ----------------------------------------------------------------------
[debug] 
[debug] > command requires scopes: ["email","openid","https://www.googleapis.com/auth/cloudplatformprojects.readonly","https://www.googleapis.com/auth/firebase","https://www.googleapis.com/auth/cloud-platform"]
[debug] > refreshing access token with scopes: ["email","https://www.googleapis.com/auth/cloud-platform","https://www.googleapis.com/auth/cloudplatformprojects.readonly","https://www.googleapis.com/auth/firebase","openid"]
[debug] >>> HTTP REQUEST POST https://www.googleapis.com/oauth2/v3/token { refresh_token: '1/J0huhN8BQBi42K_vVI3pbrTf75dPZBEBhDVTQE_qq24',
  client_id: '563584335869-fgrhgmd47bqnekij5i8b5pr03ho849e6.apps.googleusercontent.com',
  client_secret: 'j9iVZfS8kkCEFUPaAeJV0sAi',
  grant_type: 'refresh_token',
  scope: 'email https://www.googleapis.com/auth/cloud-platform https://www.googleapis.com/auth/cloudplatformprojects.readonly https://www.googleapis.com/auth/firebase openid' } 
 Sat May 20 2017 20:36:45 GMT-0400 (EDT)
[debug] <<< HTTP RESPONSE 200
[debug] >>> HTTP REQUEST GET https://admin.firebase.com/v1/projects/amandakatedesigns  
 Sat May 20 2017 20:36:46 GMT-0400 (EDT)
[debug] <<< HTTP RESPONSE 200
[debug] >>> HTTP REQUEST GET https://admin.firebase.com/v1/database/amandakatedesigns/tokens  
 Sat May 20 2017 20:36:46 GMT-0400 (EDT)
[debug] <<< HTTP RESPONSE 200
[info] 
[info] === Serving from '/Users/scolo/Documents/Amanda/amanda-crafts'...
[info] 
[debug] >>> HTTP REQUEST GET https://cloudresourcemanager.googleapis.com/v1/projects/amandakatedesigns  
 Sat May 20 2017 20:36:47 GMT-0400 (EDT)
[debug] <<< HTTP RESPONSE 200
[debug] >>> HTTP REQUEST GET https://mobilesdk-pa.googleapis.com/v1/projects/910128495082/clients/_:getWebAppConfig  
 Sat May 20 2017 20:36:47 GMT-0400 (EDT)
[debug] <<< HTTP RESPONSE 200
[debug] TypeError: Cannot read property 'public' of undefined
    at Server.<anonymous> (/usr/local/lib/node_modules/firebase-tools/lib/serve/hosting.js:34:17)
    at Object.onceWrapper (events.js:293:19)
    at emitNone (events.js:86:13)
    at Server.emit (events.js:188:7)
    at emitListeningNT (net.js:1296:10)
    at _combinedTickCallback (internal/process/next_tick.js:77:11)
    at process._tickCallback (internal/process/next_tick.js:104:9)
[error] 
[error] Error: An unexpected error has occurred.
